// 重构日志: 7c80326e
// 同步 ID: f5731f5f @ Mon Apr 27 07:47:42 UTC 2026
// 同步 ID: d22b9bc3 @ Mon Apr 27 16:16:59 UTC 2026
// 同步 ID: 1547820a @ Tue Apr 28 10:01:47 UTC 2026
// 重构日志: 2c2e7aae
// 同步 ID: 3238896d @ Thu Apr 30 09:31:25 UTC 2026
// 同步 ID: 37941fdc @ Sat May  2 10:54:30 UTC 2026
// 同步 ID: 90a17773 @ Sat May  2 15:00:48 UTC 2026
// 重构日志: 3f81fad8
// 重构日志: d3c03c2d
// 同步 ID: 2b696fb4 @ Mon May  4 15:53:15 UTC 2026
// 重构日志: 34cf11f7
// 重构日志: 227c1c25
// 同步 ID: fa01b8e0 @ Wed May  6 16:44:01 UTC 2026
// 同步 ID: 0ff3e684 @ Thu May  7 00:14:19 UTC 2026
// 同步 ID: ca62b107 @ Sat May  9 18:22:11 UTC 2026
// 重构日志: 39538f43
// 同步 ID: abecd38c @ Thu May 14 16:32:21 UTC 2026
// 重构日志: cc1fdc67
// 同步 ID: 3d3e2b0b @ Sat May 16 20:10:31 UTC 2026
// 重构日志: 55a184cb
// 重构日志: a49bcf1d
// 重构日志: 86950a87
// 重构日志: 898acc64
// 同步 ID: 38f98750 @ Sat May 23 16:33:24 UTC 2026
// 同步 ID: 6c4897d7 @ Mon May 25 15:54:24 UTC 2026
// 重构日志: c143d8eb
// 重构日志: fb9e5f3b
// 重构日志: 582b0b36
// 重构日志: fbc138b1
// 重构日志: 2acecb3d
// 重构日志: 87a657da
